<?xml version="1.0" encoding="UTF-8"?>
<beans xmlns="http://www.springframework.org/schema/beans"
	xmlns:xsi="http://www.w3.org/2001/XMLSchema-instance" xmlns:tx="http://www.springframework.org/schema/tx"
	xsi:schemaLocation="
       http://www.springframework.org/schema/beans http://www.springframework.org/schema/beans/spring-beans-3.0.xsd
       http://www.springframework.org/schema/tx http://www.springframework.org/schema/tx/spring-tx-3.0.xsd"
	default-autowire="byName">

	<bean id="hibernateProperties"
		class="org.springframework.beans.factory.config.PropertiesFactoryBean">
		<property name="properties">
			<props>
				<prop key="hibernate.dialect">org.hibernate.dialect.HSQLDialect</prop>
				<prop key="hibernate.hbm2ddl.auto">update</prop>
				<prop key="hibernate.show_sql">true</prop>
			</props>
		</property>
	</bean>

	<bean id="dataSource"
		class="uk.co.unclealex.hammers.calendar.testing.CountingDataSource">
		<property name="targetDataSource">
			<bean class="org.springframework.jdbc.datasource.DriverManagerDataSource">
				<property name="driverClassName" value="org.hsqldb.jdbcDriver" />
				<property name="url" value="jdbc:hsqldb:." />
				<property name="username" value="sa" />
				<property name="password" value="" />
			</bean>
		</property>
	</bean>
	
	<bean id="simpleJdbcTemplate" class="org.springframework.jdbc.core.simple.SimpleJdbcTemplate">
		<constructor-arg ref="dataSource" />
	</bean>

</beans>
